-------------------------------------------------------------------------------
 Program:   3D_Potential_CHBIE_FMM, V. 2.0.1, Updated January 13, 2014         
            An adaptive fast multiplole BEM code for general 3-D potential     
            problems based on the dual boundary integral equation formulation. 
 All Rights Reserved, 2006-2014 (For education and research use only).         
 Developer: CAE Research Lab, University of Cincinnati, Ohio, USA.             
 Download:  http://urbana.mie.uc.edu/yliu/Software/.                           
 Contact:   Dr. Yijun Liu;  Tel.: 1 (513) 556-4607;  E-mail: Yijun.Liu@uc.edu. 
-------------------------------------------------------------------------------
 
sphere                                                                          
  Number of elements                 =         648
  Number of nodes                    =         326
  Number of field points             =           0
  Coupling constant alpha, beta      =   0.100D+01  -0.100D+01
 
  Max. number of elements in a leaf  =         100
  Number of terms used in expansions =          10
  Tolerance for convergence          =   0.100D-03
 
  number of tree levels              =           1
  number of leaves                   =           8
  number of cells                    =           9
 
  Store coefficients from direct evaluations for reuse
  Total memory usage is about:      1440.7 MB

  Calculating right-hand side b vector ......
  CPU for computing the b vector =  0.609375000000000      (sec)
 Generalized Minimum Residual(648  0) for N, ITOL =    15   15
 ITER   Natural Err Est   Error Estimate
    0    0.1000000D+01    0.1000000D+01
    1    0.1724824D-01    0.1724824D-01
    2    0.1795596D-03    0.1795596D-03
    3    0.1131588D-05    0.1131588D-05
  Error indicator from GMRES:           0
 Open 'output.plt' to view the model and result plots with tecplot
 
 
 Total CPU time, wall-clock time used =      1.83 (sec),      0.74 (sec)
